d:\github\nuos_learnopengl\_learnopengl\_learnopengl\debug\vc120.pdb
d:\github\nuos_learnopengl\_learnopengl\_learnopengl\debug\vc120.idb
d:\github\nuos_learnopengl\_learnopengl\_learnopengl\debug\blendtest.obj
d:\github\nuos_learnopengl\_learnopengl\_learnopengl\debug\cubemaps.obj
d:\github\nuos_learnopengl\_learnopengl\_learnopengl\debug\depthtest.obj
d:\github\nuos_learnopengl\_learnopengl\_learnopengl\debug\discardfrag.obj
d:\github\nuos_learnopengl\_learnopengl\_learnopengl\debug\framebuffer.obj
d:\github\nuos_learnopengl\_learnopengl\_learnopengl\debug\stenciltest.obj
d:\github\nuos_learnopengl\_learnopengl\_learnopengl\debug\color.obj
d:\github\nuos_learnopengl\_learnopengl\_learnopengl\debug\main.obj
d:\github\nuos_learnopengl\_learnopengl\_learnopengl\debug\modelld.obj
d:\github\nuos_learnopengl\_learnopengl\_learnopengl\debug\coord.obj
d:\github\nuos_learnopengl\_learnopengl\_learnopengl\debug\hellotriangle.obj
d:\github\nuos_learnopengl\_learnopengl\_learnopengl\debug\texture.obj
d:\github\nuos_learnopengl\_learnopengl\_learnopengl\debug\transform.obj
d:\github\nuos_learnopengl\_learnopengl\_learnopengl\debug\mesh.obj
d:\github\nuos_learnopengl\_learnopengl\_learnopengl\debug\model.obj
d:\github\nuos_learnopengl\_learnopengl\output\_learnopengl.ilk
d:\github\nuos_learnopengl\_learnopengl\output\_learnopengl.exe
d:\github\nuos_learnopengl\_learnopengl\output\_learnopengl.pdb
d:\github\nuos_learnopengl\_learnopengl\_learnopengl\..\output\_learnopengl.exe
d:\github\nuos_learnopengl\_learnopengl\_learnopengl\debug\_learnopengl.tlog\cl.command.1.tlog
d:\github\nuos_learnopengl\_learnopengl\_learnopengl\debug\_learnopengl.tlog\cl.read.1.tlog
d:\github\nuos_learnopengl\_learnopengl\_learnopengl\debug\_learnopengl.tlog\cl.write.1.tlog
d:\github\nuos_learnopengl\_learnopengl\_learnopengl\debug\_learnopengl.tlog\link.command.1.tlog
d:\github\nuos_learnopengl\_learnopengl\_learnopengl\debug\_learnopengl.tlog\link.read.1.tlog
d:\github\nuos_learnopengl\_learnopengl\_learnopengl\debug\_learnopengl.tlog\link.write.1.tlog
